<?xml version="1.0" encoding="UTF-8"?>
<testng-results skipped="0" failed="0" ignored="0" total="1" passed="1">
  <reporter-output>
  </reporter-output>
  <suite name="Suite" duration-ms="132592" started-at="2021-06-24T01:05:13 IST" finished-at="2021-06-24T01:07:26 IST">
    <groups>
    </groups>
    <test name="StandaloneWin10" duration-ms="132592" started-at="2021-06-24T01:05:13 IST" finished-at="2021-06-24T01:07:26 IST">
      <class name="com.wisefinch.java.PlClass">
        <test-method status="PASS" signature="setup(java.lang.String, java.lang.String, java.lang.String)[pri:0, instance:com.wisefinch.java.PlClass@343f4d3d]" name="setup" is-config="true" duration-ms="4744" started-at="2021-06-24T01:05:13 IST" finished-at="2021-06-24T01:05:18 IST">
          <params>
            <param index="0">
              <value>
                <![CDATA[opt platform]]>
              </value>
            </param>
            <param index="1">
              <value>
                <![CDATA[opt browser name]]>
              </value>
            </param>
            <param index="2">
              <value>
                <![CDATA[opt remoteurl]]>
              </value>
            </param>
          </params>
          <reporter-output>
          </reporter-output>
        </test-method> <!-- setup -->
        <test-method status="PASS" signature="validate_Aseedtest_PL_Rev1(java.lang.String, java.lang.String, java.lang.String)[pri:0, instance:com.wisefinch.java.PlClass@343f4d3d]" name="validate_Aseedtest_PL_Rev1" duration-ms="123967" started-at="2021-06-24T01:05:18 IST" finished-at="2021-06-24T01:07:22 IST">
          <params>
            <param index="0">
              <value>
                <![CDATA[opt platform]]>
              </value>
            </param>
            <param index="1">
              <value>
                <![CDATA[opt browser name]]>
              </value>
            </param>
            <param index="2">
              <value>
                <![CDATA[opt remoteurl]]>
              </value>
            </param>
          </params>
          <reporter-output>
          </reporter-output>
        </test-method> <!-- validate_Aseedtest_PL_Rev1 -->
        <test-method status="PASS" signature="wrapUp()[pri:0, instance:com.wisefinch.java.PlClass@343f4d3d]" name="wrapUp" is-config="true" duration-ms="3797" started-at="2021-06-24T01:07:22 IST" finished-at="2021-06-24T01:07:26 IST">
          <reporter-output>
          </reporter-output>
        </test-method> <!-- wrapUp -->
      </class> <!-- com.wisefinch.java.PlClass -->
    </test> <!-- StandaloneWin10 -->
  </suite> <!-- Suite -->
</testng-results>
